Determining if the pthread_create exist failed with the following output:
Change Dir: /home/pi/catkin_ws/CMakeFiles/CMakeTmp

Run Build Command:/usr/bin/make "cmTryCompileExec2252039397/fast"
/usr/bin/make -f CMakeFiles/cmTryCompileExec2252039397.dir/build.make CMakeFiles/cmTryCompileExec2252039397.dir/build
make[1]: Entering directory '/home/pi/catkin_ws/CMakeFiles/CMakeTmp'
/usr/bin/cmake -E cmake_progress_report /home/pi/catkin_ws/CMakeFiles/CMakeTmp/CMakeFiles 1
Building C object CMakeFiles/cmTryCompileExec2252039397.dir/CheckSymbolExists.c.o
/usr/bin/gcc    -o CMakeFiles/cmTryCompileExec2252039397.dir/CheckSymbolExists.c.o   -c /home/pi/catkin_ws/CMakeFiles/CMakeTmp/CheckSymbolExists.c
Linking C executable cmTryCompileExec2252039397
/usr/bin/cmake -E cmake_link_script CMakeFiles/cmTryCompileExec2252039397.dir/link.txt --verbose=1
/usr/bin/gcc         CMakeFiles/cmTryCompileExec2252039397.dir/CheckSymbolExists.c.o  -o cmTryCompileExec2252039397 -rdynamic 
CMakeFiles/cmTryCompileExec2252039397.dir/CheckSymbolExists.c.o: In function `main':
CheckSymbolExists.c:(.text+0x38): undefined reference to `pthread_create'
collect2: ld returned 1 exit status
CMakeFiles/cmTryCompileExec2252039397.dir/build.make:88: recipe for target 'cmTryCompileExec2252039397' failed
make[1]: Leaving directory '/home/pi/catkin_ws/CMakeFiles/CMakeTmp'
make[1]: *** [cmTryCompileExec2252039397] Error 1
Makefile:114: recipe for target 'cmTryCompileExec2252039397/fast' failed
make: *** [cmTryCompileExec2252039397/fast] Error 2

File /home/pi/catkin_ws/CMakeFiles/CMakeTmp/CheckSymbolExists.c:
/* */
#include <pthread.h>

int main(int argc, char** argv)
{
  (void)argv;
#ifndef pthread_create
  return ((int*)(&pthread_create))[argc];
#else
  (void)argc;
  return 0;
#endif
}

Determining if the function pthread_create exists in the pthreads failed with the following output:
Change Dir: /home/pi/catkin_ws/CMakeFiles/CMakeTmp

Run Build Command:/usr/bin/make "cmTryCompileExec533697340/fast"
/usr/bin/make -f CMakeFiles/cmTryCompileExec533697340.dir/build.make CMakeFiles/cmTryCompileExec533697340.dir/build
make[1]: Entering directory '/home/pi/catkin_ws/CMakeFiles/CMakeTmp'
/usr/bin/cmake -E cmake_progress_report /home/pi/catkin_ws/CMakeFiles/CMakeTmp/CMakeFiles 1
Building C object CMakeFiles/cmTryCompileExec533697340.dir/CheckFunctionExists.c.o
/usr/bin/gcc   -DCHECK_FUNCTION_EXISTS=pthread_create   -o CMakeFiles/cmTryCompileExec533697340.dir/CheckFunctionExists.c.o   -c /usr/share/cmake-2.8/Modules/CheckFunctionExists.c
Linking C executable cmTryCompileExec533697340
/usr/bin/cmake -E cmake_link_script CMakeFiles/cmTryCompileExec533697340.dir/link.txt --verbose=1
/usr/bin/gcc     -DCHECK_FUNCTION_EXISTS=pthread_create    CMakeFiles/cmTryCompileExec533697340.dir/CheckFunctionExists.c.o  -o cmTryCompileExec533697340 -rdynamic -lpthreads 
/usr/bin/ld: cannot find -lpthreads
collect2: ld returned 1 exit status
CMakeFiles/cmTryCompileExec533697340.dir/build.make:88: recipe for target 'cmTryCompileExec533697340' failed
make[1]: Leaving directory '/home/pi/catkin_ws/CMakeFiles/CMakeTmp'
make[1]: *** [cmTryCompileExec533697340] Error 1
Makefile:114: recipe for target 'cmTryCompileExec533697340/fast' failed
make: *** [cmTryCompileExec533697340/fast] Error 2


